<?xml version="1.0" encoding="UTF-8"?>
<!-- Generated by org.testng.reporters.JUnitReportReporter -->
<testsuite hostname="DESKTOP-FUQKOE5" failures="0" tests="1" name="testCases.TestSearchProduct_TC004" time="1.076" errors="0" timestamp="2025-08-31T16:39:10 BDT" skipped="0">
  <testcase classname="testCases.TestSearchProduct_TC004" name="verifySearch" time="1.076"/>
</testsuite> <!-- testCases.TestSearchProduct_TC004 -->
