<?xml version="1.0" encoding="UTF-8"?>
<!-- Generated by org.testng.reporters.JUnitReportReporter -->
<testsuite hostname="DESKTOP-FUQKOE5" failures="0" tests="1" name="testCases.TestAccountLoginPage_TC002" time="3.306" errors="0" timestamp="2025-08-31T16:39:10 BDT" skipped="0">
  <testcase classname="testCases.TestAccountLoginPage_TC002" name="verifyLogin" time="3.306"/>
</testsuite> <!-- testCases.TestAccountLoginPage_TC002 -->
