<?xml version="1.0" encoding="UTF-8"?>
<!-- Generated by org.testng.reporters.JUnitReportReporter -->
<testsuite hostname="DESKTOP-FUQKOE5" failures="0" tests="1" name="testCases.TestAddToCartPage_TC005" time="1.617" errors="0" timestamp="2025-09-01T01:05:23 BDT" skipped="0">
  <testcase classname="testCases.TestAddToCartPage_TC005" name="verifyAddToCart" time="1.617"/>
</testsuite> <!-- testCases.TestAddToCartPage_TC005 -->
