<?xml version="1.0" encoding="UTF-8"?>
<!-- Generated by org.testng.reporters.JUnitReportReporter -->
<testsuite hostname="DESKTOP-FUQKOE5" failures="0" tests="1" name="testCases.TestSearchProduct_TC004" time="0.613" errors="0" timestamp="2025-09-01T01:05:23 BDT" skipped="0">
  <testcase classname="testCases.TestSearchProduct_TC004" name="verifySearch" time="0.613"/>
</testsuite> <!-- testCases.TestSearchProduct_TC004 -->
