<?xml version="1.0" encoding="UTF-8"?>
<!-- Generated by org.testng.reporters.JUnitReportReporter -->
<testsuite hostname="DESKTOP-FUQKOE5" failures="0" tests="6" name="testCases.DDTestAccountLoginPage_TC006" time="99.968" errors="0" timestamp="2025-09-01T01:05:23 BDT" skipped="0">
  <testcase classname="testCases.DDTestAccountLoginPage_TC006" name="verifyDDTestLoginPage" time="2.109"/>
  <testcase classname="testCases.DDTestAccountLoginPage_TC006" name="verifyDDTestLoginPage" time="2.329"/>
  <testcase classname="testCases.DDTestAccountLoginPage_TC006" name="verifyDDTestLoginPage" time="31.228"/>
  <testcase classname="testCases.DDTestAccountLoginPage_TC006" name="verifyDDTestLoginPage" time="1.835"/>
  <testcase classname="testCases.DDTestAccountLoginPage_TC006" name="verifyDDTestLoginPage" time="30.900"/>
  <testcase classname="testCases.DDTestAccountLoginPage_TC006" name="verifyDDTestLoginPage" time="31.567"/>
</testsuite> <!-- testCases.DDTestAccountLoginPage_TC006 -->
