<?xml version="1.0" encoding="UTF-8"?>
<!-- Generated by org.testng.reporters.JUnitReportReporter -->
<testsuite hostname="DESKTOP-FUQKOE5" failures="0" tests="1" name="testCases.TestAccountLogoutPage_TC003" time="4.246" errors="0" timestamp="2025-08-31T16:39:10 BDT" skipped="0">
  <testcase classname="testCases.TestAccountLogoutPage_TC003" name="verifyLogout" time="4.246"/>
</testsuite> <!-- testCases.TestAccountLogoutPage_TC003 -->
