<?xml version="1.0" encoding="UTF-8"?>
<!-- Generated by org.testng.reporters.JUnitReportReporter -->
<testsuite hostname="DESKTOP-FUQKOE5" failures="0" tests="6" name="testCases.DDTestAccountLoginPage_TC006" time="105.075" errors="0" timestamp="2025-08-31T16:39:10 BDT" skipped="0">
  <testcase classname="testCases.DDTestAccountLoginPage_TC006" name="verifyDDTestLoginPage" time="32.254"/>
  <testcase classname="testCases.DDTestAccountLoginPage_TC006" name="verifyDDTestLoginPage" time="3.410"/>
  <testcase classname="testCases.DDTestAccountLoginPage_TC006" name="verifyDDTestLoginPage" time="31.716"/>
  <testcase classname="testCases.DDTestAccountLoginPage_TC006" name="verifyDDTestLoginPage" time="32.254"/>
  <testcase classname="testCases.DDTestAccountLoginPage_TC006" name="verifyDDTestLoginPage" time="2.760"/>
  <testcase classname="testCases.DDTestAccountLoginPage_TC006" name="verifyDDTestLoginPage" time="2.681"/>
</testsuite> <!-- testCases.DDTestAccountLoginPage_TC006 -->
