<?xml version="1.0" encoding="UTF-8"?>
<!-- Generated by org.testng.reporters.JUnitReportReporter -->
<testsuite hostname="DESKTOP-FUQKOE5" failures="0" tests="1" name="testCases.TestAccountLoginPage_TC002" time="2.190" errors="0" timestamp="2025-09-01T01:05:23 BDT" skipped="0">
  <testcase classname="testCases.TestAccountLoginPage_TC002" name="verifyLogin" time="2.190"/>
</testsuite> <!-- testCases.TestAccountLoginPage_TC002 -->
