<?xml version="1.0" encoding="UTF-8"?>
<!-- Generated by org.testng.reporters.JUnitReportReporter -->
<testsuite hostname="DESKTOP-FUQKOE5" failures="0" tests="1" name="testCases.TestAccountRegistrationPage_TC001" time="4.589" errors="0" timestamp="2025-08-31T16:39:10 BDT" skipped="0">
  <testcase classname="testCases.TestAccountRegistrationPage_TC001" name="verifyAccountRegistration" time="4.589"/>
</testsuite> <!-- testCases.TestAccountRegistrationPage_TC001 -->
