<?xml version="1.0" encoding="UTF-8"?>
<!-- Generated by org.testng.reporters.JUnitReportReporter -->
<testsuite hostname="DESKTOP-FUQKOE5" failures="0" tests="1" name="testCases.TestAddToCartPage_TC005" time="1.461" errors="0" timestamp="2025-08-31T00:30:26 BDT" skipped="0">
  <testcase classname="testCases.TestAddToCartPage_TC005" name="verifyAddToCart" time="1.461"/>
</testsuite> <!-- testCases.TestAddToCartPage_TC005 -->
