<?xml version="1.0" encoding="UTF-8"?>
<!-- Generated by org.testng.reporters.JUnitReportReporter -->
<testsuite hostname="DESKTOP-FUQKOE5" failures="0" tests="1" name="testCases.TestAccountRegistrationPage_TC001" time="2.884" errors="0" timestamp="2025-08-31T00:30:26 BDT" skipped="0">
  <testcase classname="testCases.TestAccountRegistrationPage_TC001" name="verifyAccountRegistration" time="2.884"/>
</testsuite> <!-- testCases.TestAccountRegistrationPage_TC001 -->
