<?xml version="1.0" encoding="UTF-8"?>
<!-- Generated by org.testng.reporters.JUnitReportReporter -->
<testsuite hostname="DESKTOP-FUQKOE5" failures="0" tests="1" name="testCases.TestAccountLoginPage_TC002" time="7.738" errors="0" timestamp="2025-08-31T00:30:26 BDT" skipped="0">
  <testcase classname="testCases.TestAccountLoginPage_TC002" name="verifyLogin" time="7.738"/>
</testsuite> <!-- testCases.TestAccountLoginPage_TC002 -->
